d:\cloud\yandex\stud\progs\чм осень 2014\spline\debug\spline.ilk
d:\cloud\yandex\stud\progs\чм осень 2014\spline\debug\spline.exe
d:\cloud\yandex\stud\progs\чм осень 2014\spline\debug\spline.pdb
d:\cloud\yandex\stud\progs\ту осень 2014\spline\debug\spline.ilk
d:\cloud\yandex\stud\progs\ту осень 2014\spline\debug\spline.exe
d:\cloud\yandex\stud\progs\ту осень 2014\spline\debug\spline.pdb
d:\cloud\yandex\stud\progs\чм осень 2014\spline\spline\debug\spline.pch
d:\cloud\yandex\stud\progs\чм осень 2014\spline\spline\debug\vc120.pdb
d:\cloud\yandex\stud\progs\чм осень 2014\spline\spline\debug\vc120.idb
d:\cloud\yandex\stud\progs\чм осень 2014\spline\spline\debug\stdafx.obj
d:\cloud\yandex\stud\progs\чм осень 2014\spline\spline\debug\spline.obj
d:\cloud\yandex\stud\progs\ту осень 2014\spline\spline\debug\spline.pch
d:\cloud\yandex\stud\progs\ту осень 2014\spline\spline\debug\vc120.pdb
d:\cloud\yandex\stud\progs\ту осень 2014\spline\spline\debug\vc120.idb
d:\cloud\yandex\stud\progs\ту осень 2014\spline\spline\debug\stdafx.obj
d:\cloud\yandex\stud\progs\ту осень 2014\spline\spline\debug\spline.obj
d:\yandexdisc\stud\progs\ту осень 2014\spline\spline\debug\spline.pch
d:\yandexdisc\stud\progs\ту осень 2014\spline\spline\debug\vc120.pdb
d:\yandexdisc\stud\progs\ту осень 2014\spline\spline\debug\vc120.idb
d:\yandexdisc\stud\progs\ту осень 2014\spline\spline\debug\stdafx.obj
d:\yandexdisc\stud\progs\ту осень 2014\spline\spline\debug\spline.obj
d:\yandexdisc\stud\progs\ту осень 2014\spline\spline\debug\spline.tlog\link.write.1.tlog
d:\yandexdisc\stud\progs\ту осень 2014\spline\spline\debug\spline.tlog\cl.write.1.tlog
d:\yandexdisc\stud\progs\ту осень 2014\spline\spline\debug\spline.tlog\cl.command.1.tlog
d:\yandexdisc\stud\progs\ту осень 2014\spline\spline\debug\spline.tlog\link.command.1.tlog
d:\yandexdisc\stud\progs\ту осень 2014\spline\spline\debug\spline.tlog\cl.read.1.tlog
d:\yandexdisc\stud\progs\ту осень 2014\spline\spline\debug\spline.tlog\link.read.1.tlog
d:\yandexdisc\stud\progs\ту осень 2014\spline\spline\debug\spline.tlog\link-rc.read.1.tlog
d:\yandexdisc\stud\progs\ту осень 2014\spline\spline\debug\spline.tlog\link-rc.write.1.tlog
d:\yandexdisc\stud\progs\ту осень 2014\spline\spline\debug\spline.tlog\link-cvtres.read.1.tlog
d:\yandexdisc\stud\progs\ту осень 2014\spline\spline\debug\spline.tlog\link-cvtres.write.1.tlog
