Сборка начата 18.10.2014 13:27:13.
     1>Проект "D:\YandexDisc\Stud\Progs\ЧМ осень 2014\NewtSystem\NewtSystem\NewtSystem.vcxproj" в узле 2 (целевые объекты Build).
     1>ClCompile:
         C:\Program Files\Microsoft Visual Studio 12.0\VC\bin\CL.exe /c /ZI /nologo /W3 /WX- /sdl /Od /Oy- /D WIN32 /D _DEBUG /D _CONSOLE /D _LIB /D _UNICODE /D UNICODE /Gm /EHsc /RTC1 /MDd /GS /fp:precise /Zc:wchar_t /Zc:forScope /Yu"stdafx.h" /Fp"Debug\NewtSystem.pch" /Fo"Debug\\" /Fd"Debug\vc120.pdb" /Gd /TP /analyze- /errorReport:prompt NewtSystem.cpp
         NewtSystem.cpp
     1>d:\yandexdisc\stud\progs\чм осень 2014\newtsystem\newtsystem\newtsystem.cpp(14): warning C4244: return: преобразование "double" в "float", возможна потеря данных
     1>d:\yandexdisc\stud\progs\чм осень 2014\newtsystem\newtsystem\newtsystem.cpp(19): warning C4244: return: преобразование "double" в "float", возможна потеря данных
     1>d:\yandexdisc\stud\progs\чм осень 2014\newtsystem\newtsystem\newtsystem.cpp(40): warning C4244: return: преобразование "double" в "float", возможна потеря данных
     1>d:\yandexdisc\stud\progs\чм осень 2014\newtsystem\newtsystem\newtsystem.cpp(46): warning C4305: инициализация: усечение из "double" к "float"
     1>d:\yandexdisc\stud\progs\чм осень 2014\newtsystem\newtsystem\newtsystem.cpp(48): warning C4305: инициализация: усечение из "double" к "float"
     1>d:\yandexdisc\stud\progs\чм осень 2014\newtsystem\newtsystem\newtsystem.cpp(49): warning C4305: инициализация: усечение из "double" к "float"
       Link:
         C:\Program Files\Microsoft Visual Studio 12.0\VC\bin\link.exe /ERRORREPORT:PROMPT /OUT:"D:\YandexDisc\Stud\Progs\ЧМ осень 2014\NewtSystem\Debug\NewtSystem.exe" /INCREMENTAL /NOLOGO kernel32.lib user32.lib gdi32.lib winspool.lib comdlg32.lib advapi32.lib shell32.lib ole32.lib oleaut32.lib uuid.lib odbc32.lib odbccp32.lib /MANIFEST /MANIFESTUAC:"level='asInvoker' uiAccess='false'" /manifest:embed /DEBUG /PDB:"D:\YandexDisc\Stud\Progs\ЧМ осень 2014\NewtSystem\Debug\NewtSystem.pdb" /SUBSYSTEM:CONSOLE /TLBID:1 /DYNAMICBASE /NXCOMPAT /IMPLIB:"D:\YandexDisc\Stud\Progs\ЧМ осень 2014\NewtSystem\Debug\NewtSystem.lib" /MACHINE:X86 Debug\GausMethod.obj
         Debug\NewtSystem.obj
         Debug\stdafx.obj
     1>GausMethod.obj : warning LNK4075: не учитывается "/EDITANDCONTINUE" из-за спецификации "/OPT:LBR"
         NewtSystem.vcxproj -> D:\YandexDisc\Stud\Progs\ЧМ осень 2014\NewtSystem\Debug\NewtSystem.exe
     1>Сборка проекта "D:\YandexDisc\Stud\Progs\ЧМ осень 2014\NewtSystem\NewtSystem\NewtSystem.vcxproj" завершена (целевые объекты Build).

Сборка успешно завершена.

Затраченное время: 00:00:21.54
